<?xml version="1.0" encoding="UTF-8"?>
<!-- Generated by org.testng.reporters.JUnitReportReporter -->
<testsuite skipped="0" hostname="SAMEERA" name="scripts.ScriptsRPM" tests="1" failures="0" timestamp="2021-01-20T20:44:58 EST" time="10.500" errors="0">
  <testcase name="test" time="10.500" classname="scripts.ScriptsRPM"/>
  <system-out/>
</testsuite> <!-- scripts.ScriptsRPM -->
